{"/Users/kirillkoshlatyi/Desktop/Study/3 КУРС 2 СЕМ/АТБП/lab2/smartHeatingController.js": {"path":"/Users/kirillkoshlatyi/Desktop/Study/3 КУРС 2 СЕМ/АТБП/lab2/smartHeatingController.js","statementMap":{"0":{"start":{"line":2,"column":17},"end":{"line":2,"column":24}},"1":{"start":{"line":5,"column":2},"end":{"line":5,"column":31}},"2":{"start":{"line":5,"column":22},"end":{"line":5,"column":31}},"3":{"start":{"line":6,"column":2},"end":{"line":6,"column":37}},"4":{"start":{"line":6,"column":26},"end":{"line":6,"column":37}},"5":{"start":{"line":7,"column":2},"end":{"line":7,"column":39}},"6":{"start":{"line":20,"column":2},"end":{"line":20,"column":96}},"7":{"start":{"line":20,"column":38},"end":{"line":20,"column":96}},"8":{"start":{"line":21,"column":2},"end":{"line":21,"column":82}},"9":{"start":{"line":21,"column":29},"end":{"line":21,"column":82}},"10":{"start":{"line":22,"column":2},"end":{"line":24,"column":3}},"11":{"start":{"line":23,"column":4},"end":{"line":23,"column":70}},"12":{"start":{"line":26,"column":22},"end":{"line":26,"column":65}},"13":{"start":{"line":30,"column":4},"end":{"line":33,"column":26}},"14":{"start":{"line":35,"column":2},"end":{"line":38,"column":3}},"15":{"start":{"line":36,"column":4},"end":{"line":36,"column":74}},"16":{"start":{"line":37,"column":4},"end":{"line":37,"column":17}},"17":{"start":{"line":40,"column":20},"end":{"line":40,"column":38}},"18":{"start":{"line":41,"column":2},"end":{"line":41,"column":47}},"19":{"start":{"line":44,"column":0},"end":{"line":44,"column":74}}},"fnMap":{"0":{"name":"getThreshold","decl":{"start":{"line":4,"column":9},"end":{"line":4,"column":21}},"loc":{"start":{"line":4,"column":28},"end":{"line":8,"column":1}},"line":4},"1":{"name":"shouldTurnOnBoilerFromSensor","decl":{"start":{"line":19,"column":15},"end":{"line":19,"column":43}},"loc":{"start":{"line":19,"column":95},"end":{"line":42,"column":1}},"line":19}},"branchMap":{"0":{"loc":{"start":{"line":5,"column":2},"end":{"line":5,"column":31}},"type":"if","locations":[{"start":{"line":5,"column":2},"end":{"line":5,"column":31}},{"start":{},"end":{}}],"line":5},"1":{"loc":{"start":{"line":6,"column":2},"end":{"line":6,"column":37}},"type":"if","locations":[{"start":{"line":6,"column":2},"end":{"line":6,"column":37}},{"start":{},"end":{}}],"line":6},"2":{"loc":{"start":{"line":19,"column":77},"end":{"line":19,"column":93}},"type":"default-arg","locations":[{"start":{"line":19,"column":86},"end":{"line":19,"column":93}}],"line":19},"3":{"loc":{"start":{"line":20,"column":2},"end":{"line":20,"column":96}},"type":"if","locations":[{"start":{"line":20,"column":2},"end":{"line":20,"column":96}},{"start":{},"end":{}}],"line":20},"4":{"loc":{"start":{"line":21,"column":2},"end":{"line":21,"column":82}},"type":"if","locations":[{"start":{"line":21,"column":2},"end":{"line":21,"column":82}},{"start":{},"end":{}}],"line":21},"5":{"loc":{"start":{"line":22,"column":2},"end":{"line":24,"column":3}},"type":"if","locations":[{"start":{"line":22,"column":2},"end":{"line":24,"column":3}},{"start":{},"end":{}}],"line":22},"6":{"loc":{"start":{"line":22,"column":6},"end":{"line":22,"column":81}},"type":"binary-expr","locations":[{"start":{"line":22,"column":6},"end":{"line":22,"column":20}},{"start":{"line":22,"column":24},"end":{"line":22,"column":81}}],"line":22},"7":{"loc":{"start":{"line":30,"column":4},"end":{"line":33,"column":26}},"type":"binary-expr","locations":[{"start":{"line":30,"column":4},"end":{"line":30,"column":24}},{"start":{"line":31,"column":4},"end":{"line":31,"column":29}},{"start":{"line":32,"column":4},"end":{"line":32,"column":35}},{"start":{"line":33,"column":4},"end":{"line":33,"column":26}}],"line":30},"8":{"loc":{"start":{"line":35,"column":2},"end":{"line":38,"column":3}},"type":"if","locations":[{"start":{"line":35,"column":2},"end":{"line":38,"column":3}},{"start":{},"end":{}}],"line":35}},"s":{"0":1,"1":5,"2":2,"3":3,"4":2,"5":1,"6":9,"7":0,"8":9,"9":1,"10":8,"11":0,"12":8,"13":8,"14":8,"15":3,"16":3,"17":5,"18":4,"19":1},"f":{"0":5,"1":9},"b":{"0":[2,3],"1":[2,1],"2":[2],"3":[0,9],"4":[1,8],"5":[0,8],"6":[8,8],"7":[8,7,6,6],"8":[3,5]},"_coverageSchema":"1a1c01bbd47fc00a2c39e90264f33305004495a9","hash":"d0913923b47110b3f5e843397aa7a4c930a1c12e"}
}
