TN:
SF:smartHeatingController.js
FN:4,getThreshold
FN:19,shouldTurnOnBoilerFromSensor
FNF:2
FNH:2
FNDA:5,getThreshold
FNDA:9,shouldTurnOnBoilerFromSensor
DA:2,1
DA:5,5
DA:6,3
DA:7,1
DA:20,9
DA:21,9
DA:22,8
DA:23,0
DA:26,8
DA:30,8
DA:35,8
DA:36,3
DA:37,3
DA:40,5
DA:41,4
DA:44,1
LF:16
LH:15
BRDA:5,0,0,2
BRDA:5,0,1,3
BRDA:6,1,0,2
BRDA:6,1,1,1
BRDA:19,2,0,2
BRDA:20,3,0,0
BRDA:20,3,1,9
BRDA:21,4,0,1
BRDA:21,4,1,8
BRDA:22,5,0,0
BRDA:22,5,1,8
BRDA:22,6,0,8
BRDA:22,6,1,8
BRDA:30,7,0,8
BRDA:30,7,1,7
BRDA:30,7,2,6
BRDA:30,7,3,6
BRDA:35,8,0,3
BRDA:35,8,1,5
BRF:19
BRH:17
end_of_record
